{"uuid":"c184b3ee-f254-4599-a968-147a0c9ee743","historyId":"7e3076e8a72e3565e7adf94f040637d","fullName":"addProduct.addProductToCart","labels":[{"name":"package","value":"addProduct"},{"name":"testClass","value":"addProduct"},{"name":"testMethod","value":"addProductToCart"},{"name":"parentSuite","value":"Default Suite"},{"name":"suite","value":"Automation_Task_Practice"},{"name":"subSuite","value":"addProduct"},{"name":"host","value":"DESKTOP-7MVA085"},{"name":"thread","value":"14540@DESKTOP-7MVA085.main(1)"},{"name":"framework","value":"testng"},{"name":"language","value":"java"}],"links":[],"name":"addProductToCart","status":"broken","statusDetails":{"known":false,"muted":false,"flaky":false,"message":"Root cause: \"org.openqa.selenium.NoSuchElementException: Cannot locate an element using By.xpath: //a[@href=\"#Man\"]\"","trace":"java.lang.RuntimeException: Root cause: \"org.openqa.selenium.NoSuchElementException: Cannot locate an element using By.xpath: //a[@href=\"#Man\"]\"\r\n\tat com.shaft.gui.element.internal.Actions.report(Actions.java:628)\r\n\tat com.shaft.gui.element.internal.Actions.reportBroken(Actions.java:577)\r\n\tat com.shaft.gui.element.internal.Actions.performAction(Actions.java:334)\r\n\tat com.shaft.gui.element.internal.Actions.click(Actions.java:81)\r\n\tat P02_HomePaage.navigateToProducts(P02_HomePaage.java:17)\r\n\tat addProduct.addProductToCart(addProduct.java:12)\r\n\tat java.base/jdk.internal.reflect.DirectMethodHandleAccessor.invoke(DirectMethodHandleAccessor.java:103)\r\n\tat java.base/java.lang.reflect.Method.invoke(Method.java:580)\r\n\tat org.testng.internal.invokers.MethodInvocationHelper.invokeMethod(MethodInvocationHelper.java:141)\r\n\tat org.testng.internal.invokers.TestInvoker.invokeMethod(TestInvoker.java:687)\r\n\tat org.testng.internal.invokers.TestInvoker.invokeTestMethod(TestInvoker.java:230)\r\n\tat org.testng.internal.invokers.MethodRunner.runInSequence(MethodRunner.java:63)\r\n\tat org.testng.internal.invokers.TestInvoker$MethodInvocationAgent.invoke(TestInvoker.java:995)\r\n\tat org.testng.internal.invokers.TestInvoker.invokeTestMethods(TestInvoker.java:203)\r\n\tat org.testng.internal.invokers.TestMethodWorker.invokeTestMethods(TestMethodWorker.java:154)\r\n\tat org.testng.internal.invokers.TestMethodWorker.run(TestMethodWorker.java:134)\r\n\tat java.base/java.util.ArrayList.forEach(ArrayList.java:1596)\r\n\tat org.testng.TestRunner.privateRun(TestRunner.java:741)\r\n\tat org.testng.TestRunner.run(TestRunner.java:616)\r\n\tat org.testng.SuiteRunner.runTest(SuiteRunner.java:421)\r\n\tat org.testng.SuiteRunner.runSequentially(SuiteRunner.java:413)\r\n\tat org.testng.SuiteRunner.privateRun(SuiteRunner.java:373)\r\n\tat org.testng.SuiteRunner.run(SuiteRunner.java:312)\r\n\tat org.testng.SuiteRunnerWorker.runSuite(SuiteRunnerWorker.java:52)\r\n\tat org.testng.SuiteRunnerWorker.run(SuiteRunnerWorker.java:95)\r\n\tat org.testng.TestNG.runSuitesSequentially(TestNG.java:1274)\r\n\tat org.testng.TestNG.runSuitesLocally(TestNG.java:1208)\r\n\tat org.testng.TestNG.runSuites(TestNG.java:1112)\r\n\tat org.testng.TestNG.run(TestNG.java:1079)\r\n\tat com.intellij.rt.testng.IDEARemoteTestNG.run(IDEARemoteTestNG.java:65)\r\n\tat com.intellij.rt.testng.RemoteTestNGStarter.main(RemoteTestNGStarter.java:105)\r\nCaused by: org.openqa.selenium.TimeoutException: Expected condition failed: waiting for com.shaft.gui.element.internal.Actions$$Lambda/0x000001aa3e73c668@65f3f9e2 (tried for ١٠ second(s) with ١٠٠ milliseconds interval)\r\n\tat org.openqa.selenium.support.ui.FluentWait.timeoutException(FluentWait.java:265)\r\n\tat org.openqa.selenium.support.ui.FluentWait.until(FluentWait.java:228)\r\n\tat com.shaft.gui.element.internal.Actions.performAction(Actions.java:192)\r\n\t... 28 more\r\nCaused by: org.openqa.selenium.NoSuchElementException: Cannot locate an element using By.xpath: //a[@href=\"#Man\"]\nFor documentation on this error, please visit: https://www.selenium.dev/documentation/webdriver/troubleshooting/errors#no-such-element-exception\nBuild info: version: '4.31.0', revision: '1ef9f18787*'\nSystem info: os.name: 'Windows 11', os.arch: 'amd64', os.version: '10.0', java.version: '21.0.7'\nDriver info: driver.version: unknown\r\n\tat com.shaft.gui.element.internal.Actions.lambda$performAction$1(Actions.java:198)\r\n\tat org.openqa.selenium.support.ui.FluentWait.until(FluentWait.java:203)\r\n\t... 29 more\r\n"},"stage":"finished","steps":[{"name":"Type \"Email Address\"","status":"passed","stage":"finished","steps":[],"attachments":[],"parameters":[{"name":"locator","value":"By.xpath: //input[@data-qa=\"login-email\"]"},{"name":"text","value":"[salahswidan212@gmail.com]"}],"start":1748455355509,"stop":1748455355699},{"name":"Type \"Password\"","status":"passed","stage":"finished","steps":[],"attachments":[],"parameters":[{"name":"locator","value":"By.xpath: //input[@data-qa=\"login-password\"]"},{"name":"text","value":"[P@sswOrd]"}],"start":1748455355699,"stop":1748455355876},{"name":"Click \"Login\"","status":"passed","stage":"finished","steps":[],"attachments":[],"parameters":[{"name":"locator","value":"By.xpath: //button[@data-qa=\"login-button\"]"}],"start":1748455355876,"stop":1748455355968},{"name":"Click \"By.xpath: //a[@href=\"#Man\"]\" Broken","status":"broken","statusDetails":{"known":false,"muted":false,"flaky":false,"message":"Root cause: \"org.openqa.selenium.NoSuchElementException: Cannot locate an element using By.xpath: //a[@href=\"#Man\"]\"","trace":"java.lang.RuntimeException: Root cause: \"org.openqa.selenium.NoSuchElementException: Cannot locate an element using By.xpath: //a[@href=\"#Man\"]\"\r\n\tat com.shaft.gui.element.internal.Actions.report(Actions.java:628)\r\n\tat com.shaft.gui.element.internal.Actions.reportBroken(Actions.java:577)\r\n\tat com.shaft.gui.element.internal.Actions.performAction(Actions.java:334)\r\n\tat com.shaft.gui.element.internal.Actions.click(Actions.java:81)\r\n\tat P02_HomePaage.navigateToProducts(P02_HomePaage.java:17)\r\n\tat addProduct.addProductToCart(addProduct.java:12)\r\n\tat java.base/jdk.internal.reflect.DirectMethodHandleAccessor.invoke(DirectMethodHandleAccessor.java:103)\r\n\tat java.base/java.lang.reflect.Method.invoke(Method.java:580)\r\n\tat org.testng.internal.invokers.MethodInvocationHelper.invokeMethod(MethodInvocationHelper.java:141)\r\n\tat org.testng.internal.invokers.TestInvoker.invokeMethod(TestInvoker.java:687)\r\n\tat org.testng.internal.invokers.TestInvoker.invokeTestMethod(TestInvoker.java:230)\r\n\tat org.testng.internal.invokers.MethodRunner.runInSequence(MethodRunner.java:63)\r\n\tat org.testng.internal.invokers.TestInvoker$MethodInvocationAgent.invoke(TestInvoker.java:995)\r\n\tat org.testng.internal.invokers.TestInvoker.invokeTestMethods(TestInvoker.java:203)\r\n\tat org.testng.internal.invokers.TestMethodWorker.invokeTestMethods(TestMethodWorker.java:154)\r\n\tat org.testng.internal.invokers.TestMethodWorker.run(TestMethodWorker.java:134)\r\n\tat java.base/java.util.ArrayList.forEach(ArrayList.java:1596)\r\n\tat org.testng.TestRunner.privateRun(TestRunner.java:741)\r\n\tat org.testng.TestRunner.run(TestRunner.java:616)\r\n\tat org.testng.SuiteRunner.runTest(SuiteRunner.java:421)\r\n\tat org.testng.SuiteRunner.runSequentially(SuiteRunner.java:413)\r\n\tat org.testng.SuiteRunner.privateRun(SuiteRunner.java:373)\r\n\tat org.testng.SuiteRunner.run(SuiteRunner.java:312)\r\n\tat org.testng.SuiteRunnerWorker.runSuite(SuiteRunnerWorker.java:52)\r\n\tat org.testng.SuiteRunnerWorker.run(SuiteRunnerWorker.java:95)\r\n\tat org.testng.TestNG.runSuitesSequentially(TestNG.java:1274)\r\n\tat org.testng.TestNG.runSuitesLocally(TestNG.java:1208)\r\n\tat org.testng.TestNG.runSuites(TestNG.java:1112)\r\n\tat org.testng.TestNG.run(TestNG.java:1079)\r\n\tat com.intellij.rt.testng.IDEARemoteTestNG.run(IDEARemoteTestNG.java:65)\r\n\tat com.intellij.rt.testng.RemoteTestNGStarter.main(RemoteTestNGStarter.java:105)\r\nCaused by: org.openqa.selenium.TimeoutException: Expected condition failed: waiting for com.shaft.gui.element.internal.Actions$$Lambda/0x000001aa3e73c668@65f3f9e2 (tried for ١٠ second(s) with ١٠٠ milliseconds interval)\r\n\tat org.openqa.selenium.support.ui.FluentWait.timeoutException(FluentWait.java:265)\r\n\tat org.openqa.selenium.support.ui.FluentWait.until(FluentWait.java:228)\r\n\tat com.shaft.gui.element.internal.Actions.performAction(Actions.java:192)\r\n\t... 28 more\r\nCaused by: org.openqa.selenium.NoSuchElementException: Cannot locate an element using By.xpath: //a[@href=\"#Man\"]\nFor documentation on this error, please visit: https://www.selenium.dev/documentation/webdriver/troubleshooting/errors#no-such-element-exception\nBuild info: version: '4.31.0', revision: '1ef9f18787*'\nSystem info: os.name: 'Windows 11', os.arch: 'amd64', os.version: '10.0', java.version: '21.0.7'\nDriver info: driver.version: unknown\r\n\tat com.shaft.gui.element.internal.Actions.lambda$performAction$1(Actions.java:198)\r\n\tat org.openqa.selenium.support.ui.FluentWait.until(FluentWait.java:203)\r\n\t... 29 more\r\n"},"stage":"finished","steps":[],"attachments":[{"name":"٢٠٢٥٠٥٢٨_٢١٠٢٥٤_Click_By_xpath____a__href___Man__","source":"13a9c4a5-be39-426f-a363-d6e68797b65e-attachment.png","type":"image/png"}],"parameters":[{"name":"locator","value":"By.xpath: //a[@href=\"#Man\"]"}],"start":1748455357982,"stop":1748455374354}],"attachments":[{"name":"SHAFT Engine Logs - Current Method log: addProductToCart","source":"d6021ea8-7e7a-440e-8737-4e691f003f1b-attachment.txt","type":"text/plain"}],"parameters":[],"start":1748455355395,"stop":1748455374365}